<?xml version="1.0" encoding="UTF-8"?>
<testsuite name="ContactsTest" tests="1" skipped="0" failures="1" errors="0" timestamp="2020-08-11T21:48:47" hostname="DESKTOP-82CRT33" time="0.296">
  <properties/>
  <testcase name="start" classname="ContactsTest" time="0.296">
    <failure message="java.lang.AssertionError: Wrong answer in test #4&#10;&#10;This test should contain at least 3 actions, but you have only 2. You should separate your actions with an empty line.&#10;&#10;Please find below the output of your program during this failed test.&#10;Note that the '&gt;' character indicates the beginning of the input line.&#10;&#10;---&#10;&#10;Enter action (add, remove, edit, count, info, exit):&#10;&gt; add&#10;Enter the type (person, organization):&gt; person&#10;Enter the name of the person: &gt; John&#10;Enter the surname of the person: &gt; Smith&#10;Enter the birth date:&gt; &#10;Bad birth date!&#10;Enter the gender (M, F):&gt; &#10;Bad gender!&#10;Enter the number:&gt; 123 456 789&#10;The record created!&#10;&#10;Enter action (add, remove, edit, count, info, exit):&#10;&gt; list&#10;Enter action (add, remove, edit, count, info, exit):&#10;&gt; 1&#10;Enter action (add, remove, edit, count, info, exit):&#10;&gt; menu&#10;Enter action (add, remove, edit, count, info, exit):&#10;&gt; exit" type="java.lang.AssertionError">java.lang.AssertionError: Wrong answer in test #4

This test should contain at least 3 actions, but you have only 2. You should separate your actions with an empty line.

Please find below the output of your program during this failed test.
Note that the '&gt;' character indicates the beginning of the input line.

---

Enter action (add, remove, edit, count, info, exit):
&gt; add
Enter the type (person, organization):&gt; person
Enter the name of the person: &gt; John
Enter the surname of the person: &gt; Smith
Enter the birth date:&gt; 
Bad birth date!
Enter the gender (M, F):&gt; 
Bad gender!
Enter the number:&gt; 123 456 789
The record created!

Enter action (add, remove, edit, count, info, exit):
&gt; list
Enter action (add, remove, edit, count, info, exit):
&gt; 1
Enter action (add, remove, edit, count, info, exit):
&gt; menu
Enter action (add, remove, edit, count, info, exit):
&gt; exit
	at org.junit.Assert.fail(Assert.java:88)
	at org.hyperskill.hstest.stage.StageTest.start(StageTest.java:97)
	at java.base/jdk.internal.reflect.NativeMethodAccessorImpl.invoke0(Native Method)
	at java.base/jdk.internal.reflect.NativeMethodAccessorImpl.invoke(NativeMethodAccessorImpl.java:62)
	at java.base/jdk.internal.reflect.DelegatingMethodAccessorImpl.invoke(DelegatingMethodAccessorImpl.java:43)
	at java.base/java.lang.reflect.Method.invoke(Method.java:566)
	at org.junit.runners.model.FrameworkMethod$1.runReflectiveCall(FrameworkMethod.java:50)
	at org.junit.internal.runners.model.ReflectiveCallable.run(ReflectiveCallable.java:12)
	at org.junit.runners.model.FrameworkMethod.invokeExplosively(FrameworkMethod.java:47)
	at org.junit.internal.runners.statements.InvokeMethod.evaluate(InvokeMethod.java:17)
	at org.junit.runners.ParentRunner.runLeaf(ParentRunner.java:325)
	at org.junit.runners.BlockJUnit4ClassRunner.runChild(BlockJUnit4ClassRunner.java:78)
	at org.junit.runners.BlockJUnit4ClassRunner.runChild(BlockJUnit4ClassRunner.java:57)
	at org.junit.runners.ParentRunner$3.run(ParentRunner.java:290)
	at org.junit.runners.ParentRunner$1.schedule(ParentRunner.java:71)
	at org.junit.runners.ParentRunner.runChildren(ParentRunner.java:288)
	at org.junit.runners.ParentRunner.access$000(ParentRunner.java:58)
	at org.junit.runners.ParentRunner$2.evaluate(ParentRunner.java:268)
	at org.junit.runners.ParentRunner.run(ParentRunner.java:363)
	at org.gradle.api.internal.tasks.testing.junit.JUnitTestClassExecutor.runTestClass(JUnitTestClassExecutor.java:110)
	at org.gradle.api.internal.tasks.testing.junit.JUnitTestClassExecutor.execute(JUnitTestClassExecutor.java:58)
	at org.gradle.api.internal.tasks.testing.junit.JUnitTestClassExecutor.execute(JUnitTestClassExecutor.java:38)
	at org.gradle.api.internal.tasks.testing.junit.AbstractJUnitTestClassProcessor.processTestClass(AbstractJUnitTestClassProcessor.java:62)
	at org.gradle.api.internal.tasks.testing.SuiteTestClassProcessor.processTestClass(SuiteTestClassProcessor.java:51)
	at java.base/jdk.internal.reflect.NativeMethodAccessorImpl.invoke0(Native Method)
	at java.base/jdk.internal.reflect.NativeMethodAccessorImpl.invoke(NativeMethodAccessorImpl.java:62)
	at java.base/jdk.internal.reflect.DelegatingMethodAccessorImpl.invoke(DelegatingMethodAccessorImpl.java:43)
	at java.base/java.lang.reflect.Method.invoke(Method.java:566)
	at org.gradle.internal.dispatch.ReflectionDispatch.dispatch(ReflectionDispatch.java:35)
	at org.gradle.internal.dispatch.ReflectionDispatch.dispatch(ReflectionDispatch.java:24)
	at org.gradle.internal.dispatch.ContextClassLoaderDispatch.dispatch(ContextClassLoaderDispatch.java:32)
	at org.gradle.internal.dispatch.ProxyDispatchAdapter$DispatchingInvocationHandler.invoke(ProxyDispatchAdapter.java:93)
	at com.sun.proxy.$Proxy2.processTestClass(Unknown Source)
	at org.gradle.api.internal.tasks.testing.worker.TestWorker.processTestClass(TestWorker.java:118)
	at java.base/jdk.internal.reflect.NativeMethodAccessorImpl.invoke0(Native Method)
	at java.base/jdk.internal.reflect.NativeMethodAccessorImpl.invoke(NativeMethodAccessorImpl.java:62)
	at java.base/jdk.internal.reflect.DelegatingMethodAccessorImpl.invoke(DelegatingMethodAccessorImpl.java:43)
	at java.base/java.lang.reflect.Method.invoke(Method.java:566)
	at org.gradle.internal.dispatch.ReflectionDispatch.dispatch(ReflectionDispatch.java:35)
	at org.gradle.internal.dispatch.ReflectionDispatch.dispatch(ReflectionDispatch.java:24)
	at org.gradle.internal.remote.internal.hub.MessageHubBackedObjectConnection$DispatchWrapper.dispatch(MessageHubBackedObjectConnection.java:175)
	at org.gradle.internal.remote.internal.hub.MessageHubBackedObjectConnection$DispatchWrapper.dispatch(MessageHubBackedObjectConnection.java:157)
	at org.gradle.internal.remote.internal.hub.MessageHub$Handler.run(MessageHub.java:404)
	at org.gradle.internal.concurrent.ExecutorPolicy$CatchAndRecordFailures.onExecute(ExecutorPolicy.java:63)
	at org.gradle.internal.concurrent.ManagedExecutorImpl$1.run(ManagedExecutorImpl.java:46)
	at java.base/java.util.concurrent.ThreadPoolExecutor.runWorker(ThreadPoolExecutor.java:1128)
	at java.base/java.util.concurrent.ThreadPoolExecutor$Worker.run(ThreadPoolExecutor.java:628)
	at org.gradle.internal.concurrent.ThreadFactoryImpl$ManagedThreadRunnable.run(ThreadFactoryImpl.java:55)
	at java.base/java.lang.Thread.run(Thread.java:834)
</failure>
  </testcase>
  <system-out><![CDATA[?[1;31m
Start test 1?[0m
Enter action (add, remove, edit, count, info, exit):
> exit
?[1;31m
Start test 2?[0m
Enter action (add, remove, edit, count, info, exit):
> count
The Phone Book has 0 records.Enter action (add, remove, edit, count, info, exit):
> exit
?[1;31m
Start test 3?[0m
Enter action (add, remove, edit, count, info, exit):
> add
Enter the type (person, organization):> person
Enter the name of the person: > John
Enter the surname of the person: > Smith
Enter the birth date:> 
Bad birth date!
Enter the gender (M, F):> 
Bad gender!
Enter the number:> 123 456 789
The record created!

Enter action (add, remove, edit, count, info, exit):
> count
The Phone Book has 1 records.Enter action (add, remove, edit, count, info, exit):
> exit
?[1;31m
Start test 4?[0m
Enter action (add, remove, edit, count, info, exit):
> add
Enter the type (person, organization):> person
Enter the name of the person: > John
Enter the surname of the person: > Smith
Enter the birth date:> 
Bad birth date!
Enter the gender (M, F):> 
Bad gender!
Enter the number:> 123 456 789
The record created!

Enter action (add, remove, edit, count, info, exit):
> list
Enter action (add, remove, edit, count, info, exit):
> 1
Enter action (add, remove, edit, count, info, exit):
> menu
Enter action (add, remove, edit, count, info, exit):
> exit
]]></system-out>
  <system-err><![CDATA[]]></system-err>
</testsuite>
